Grammar

    0 $accept: compilation_unit "end of file"

    1 compilation_unit: %empty


Terminals, with rules where they appear

    "end of file" (0) 0
    error (256)


Nonterminals, with rules where they appear

    $accept (3)
        on left: 0
    compilation_unit (4)
        on left: 1
        on right: 0


State 0

    0 $accept: . compilation_unit "end of file"

    $default  reduce using rule 1 (compilation_unit)

    compilation_unit  go to state 1


State 1

    0 $accept: compilation_unit . "end of file"

    "end of file"  shift, and go to state 2


State 2

    0 $accept: compilation_unit "end of file" .

    $default  accept
